2016-11-23 21:57:35,215,Procesing index file...
2016-11-23 21:57:35,263,Outpupt lines are:1
2016-11-23 21:57:35,264,Procesing index file...
2016-11-23 21:57:35,265,Outpupt lines are:0
2016-11-23 22:10:04,793,Procesing index file...
2016-11-23 22:10:04,859,Outpupt lines are:1
2016-11-23 22:10:04,859,Procesing index file...
2016-11-23 22:10:04,859,Outpupt lines are:0
2016-11-23 22:22:48,749,Starting the Actor System....
2016-11-23 22:22:49,462,Slf4jLogger started
2016-11-23 22:22:50,018,Initialization finished.downloder queue size:3
2016-11-23 22:22:50,031,Starting downloader again
2016-11-23 22:22:50,033,Starting downloader again
2016-11-23 22:22:50,035,Starting downloader again
2016-11-23 22:22:50,036,Master.I have now to download the latest index
2016-11-23 22:22:52,231,Download(edgar/daily-index/master.20161122.idx,Actor[akka://Edgar-Filings-Downloader/user/IndexRetriever#1102968167]) starts, -- 2 Queue(Actor[akka://Edgar-Filings-Downloader/user/DownloadManager/dl1#-409976303], Actor[akka://Edgar-Filings-Downloader/user/DownloadManager/dl2#-36618539]) download slots left
2016-11-23 22:22:53,964,Master.+call processor.
2016-11-23 22:22:53,965,Procesing index file...
2016-11-23 22:22:54,049,Outpupt lines are:11
2016-11-23 22:22:54,054,EdgarFiling(1084207,20161122,13F-HR,HENDLEY & CO INC,edgar/data/1084207/0001084207-16-000008.txt)
2016-11-23 22:22:54,057,EdgarFiling(1097278,20161122,13F-HR,ADVENT CAPITAL MANAGEMENT /DE/,edgar/data/1097278/0001140361-16-087493.txt)
2016-11-23 22:22:54,058,EdgarFiling(1138060,20161114,13F-HR,MADISON INVESTMENT HOLDINGS INC,edgar/data/1138060/0001138060-16-000026.txt)
2016-11-23 22:22:54,060,Download(edgar/data/1084207/0001084207-16-000008.txt,Actor[akka://Edgar-Filings-Downloader/user/EdgarFileManager#-1075208619]) starts, -- 2 Queue(Actor[akka://Edgar-Filings-Downloader/user/DownloadManager/dl2#-36618539], Actor[akka://Edgar-Filings-Downloader/user/DownloadManager/dl0#-1218118045]) download slots left
2016-11-23 22:22:54,061,EdgarFiling(1352900,20161114,13F-HR,Kemper Corp Master Retirement Trust,edgar/data/1352900/0001352900-16-000030.txt)
2016-11-23 22:22:54,062,EdgarFiling(1533964,20161122,13F-HR,Virtu Financial LLC,edgar/data/1533964/0001533964-16-000023.txt)
2016-11-23 22:22:54,071,EdgarFiling(1542164,20161122,13F-HR,Efficient Advisors, LLC,edgar/data/1542164/0001542164-16-000011.txt)
2016-11-23 22:22:54,072,Download(edgar/data/1097278/0001140361-16-087493.txt,Actor[akka://Edgar-Filings-Downloader/user/EdgarFileManager#-1075208619]) starts, -- 1 Queue(Actor[akka://Edgar-Filings-Downloader/user/DownloadManager/dl0#-1218118045]) download slots left
2016-11-23 22:22:54,073,EdgarFiling(1618832,20161122,13F-HR,ACCIDENT COMPENSATION CORP,edgar/data/1618832/0001618832-16-000008.txt)
2016-11-23 22:22:54,074,Download(edgar/data/1138060/0001138060-16-000026.txt,Actor[akka://Edgar-Filings-Downloader/user/EdgarFileManager#-1075208619]) starts, -- 0 Queue() download slots left
2016-11-23 22:22:54,076,EdgarFiling(1622757,20161122,13F-HR,Elite Wealth Management, LLC,edgar/data/1622757/0001622757-16-000012.txt)
2016-11-23 22:22:54,077,EdgarFiling(1622757,20161122,13F-HR,Elite Wealth Management, LLC,edgar/data/1622757/0001622757-16-000013.txt)
2016-11-23 22:22:54,078,EdgarFiling(1622757,20161122,13F-HR,Elite Wealth Management, LLC,edgar/data/1622757/0001622757-16-000014.txt)
2016-11-23 22:22:54,079,EdgarFiling(1622757,20161122,13F-HR,Elite Wealth Management, LLC,edgar/data/1622757/0001622757-16-000015.txt)
2016-11-23 22:22:55,153,Download(edgar/data/1352900/0001352900-16-000030.txt,Actor[akka://Edgar-Filings-Downloader/user/EdgarFileManager#-1075208619]) starts, -- 0 Queue() download slots left
2016-11-23 22:22:55,154,10 remaining to download.....
2016-11-23 22:22:55,532,9 remaining to download.....
2016-11-23 22:22:55,533,Download(edgar/data/1533964/0001533964-16-000023.txt,Actor[akka://Edgar-Filings-Downloader/user/EdgarFileManager#-1075208619]) starts, -- 0 Queue() download slots left
2016-11-23 22:22:55,731,Download(edgar/data/1542164/0001542164-16-000011.txt,Actor[akka://Edgar-Filings-Downloader/user/EdgarFileManager#-1075208619]) starts, -- 0 Queue() download slots left
2016-11-23 22:22:55,732,8 remaining to download.....
2016-11-23 22:22:56,412,7 remaining to download.....
2016-11-23 22:22:56,414,Download(edgar/data/1618832/0001618832-16-000008.txt,Actor[akka://Edgar-Filings-Downloader/user/EdgarFileManager#-1075208619]) starts, -- 0 Queue() download slots left
2016-11-23 22:22:56,952,6 remaining to download.....
2016-11-23 22:22:56,953,Download(edgar/data/1622757/0001622757-16-000012.txt,Actor[akka://Edgar-Filings-Downloader/user/EdgarFileManager#-1075208619]) starts, -- 0 Queue() download slots left
2016-11-23 22:22:57,297,5 remaining to download.....
2016-11-23 22:22:57,298,Download(edgar/data/1622757/0001622757-16-000013.txt,Actor[akka://Edgar-Filings-Downloader/user/EdgarFileManager#-1075208619]) starts, -- 0 Queue() download slots left
2016-11-23 22:22:59,350,Exception in downloading filePath. disconnecting client
2016-11-23 22:22:59,361,Error while Downloading Download(edgar/data/1622757/0001622757-16-000013.txt,Actor[akka://Edgar-Filings-Downloader/user/EdgarFileManager#-1075208619]): org.apache.commons.net.ftp.FTPConnectionClosedException: Connection closed without indication.
2016-11-23 22:22:59,364,Killing Sender..
2016-11-23 22:22:59,366,Enqueuing Original message
2016-11-23 22:22:59,367,Starting downloader again
2016-11-23 22:22:59,385,Connection closed without indication.
org.apache.commons.net.ftp.FTPConnectionClosedException: Connection closed without indication.
	at org.apache.commons.net.ftp.FTP.__getReply(FTP.java:316) ~[edgarretriever.jar:1.0]
	at org.apache.commons.net.ftp.FTP.__getReply(FTP.java:292) ~[edgarretriever.jar:1.0]
	at org.apache.commons.net.ftp.FTP.sendCommand(FTP.java:503) ~[edgarretriever.jar:1.0]
	at org.apache.commons.net.ftp.FTP.sendCommand(FTP.java:628) ~[edgarretriever.jar:1.0]
	at org.apache.commons.net.ftp.FTP.sendCommand(FTP.java:602) ~[edgarretriever.jar:1.0]
	at org.apache.commons.net.ftp.FTP.pasv(FTP.java:1025) ~[edgarretriever.jar:1.0]
	at org.apache.commons.net.ftp.FTPClient._openDataConnection_(FTPClient.java:899) ~[edgarretriever.jar:1.0]
	at org.apache.commons.net.ftp.FTPClient._retrieveFileStream(FTPClient.java:1983) ~[edgarretriever.jar:1.0]
	at org.apache.commons.net.ftp.FTPClient.retrieveFileStream(FTPClient.java:1970) ~[edgarretriever.jar:1.0]
	at edgar.ftp.ApacheFTPClient$$anonfun$retrieveFile$1.apply(ApacheFtpClient.scala:105) ~[edgarretriever.jar:1.0]
	at edgar.ftp.ApacheFTPClient$$anonfun$retrieveFile$1.apply(ApacheFtpClient.scala:103) ~[edgarretriever.jar:1.0]
	at edgar.ftp.ApacheFTPClient$class.execute(ApacheFtpClient.scala:52) ~[edgarretriever.jar:1.0]
	at edgar.ftp.FtpFactory$$anon$1.execute(FtpFactory.scala:5) ~[edgarretriever.jar:1.0]
	at edgar.ftp.ApacheFTPClient$class.retrieveFile(ApacheFtpClient.scala:102) ~[edgarretriever.jar:1.0]
	at edgar.ftp.FtpFactory$$anon$1.retrieveFile(FtpFactory.scala:5) ~[edgarretriever.jar:1.0]
	at edgar.actors.ChildDownloader$$anonfun$receive$1.applyOrElse(DownloadManager.scala:47) ~[edgarretriever.jar:1.0]
	at akka.actor.Actor$class.aroundReceive(Actor.scala:480) ~[edgarretriever.jar:1.0]
	at edgar.actors.ChildDownloader.aroundReceive(DownloadManager.scala:21) ~[edgarretriever.jar:1.0]
	at akka.actor.ActorCell.receiveMessage(ActorCell.scala:526) [edgarretriever.jar:1.0]
	at akka.actor.ActorCell.invoke(ActorCell.scala:495) [edgarretriever.jar:1.0]
	at akka.dispatch.Mailbox.processMailbox(Mailbox.scala:257) [edgarretriever.jar:1.0]
	at akka.dispatch.Mailbox.run(Mailbox.scala:224) [edgarretriever.jar:1.0]
	at akka.dispatch.Mailbox.exec(Mailbox.scala:234) [edgarretriever.jar:1.0]
	at scala.concurrent.forkjoin.ForkJoinTask.doExec(ForkJoinTask.java:260) [edgarretriever.jar:1.0]
	at scala.concurrent.forkjoin.ForkJoinPool$WorkQueue.runTask(ForkJoinPool.java:1339) [edgarretriever.jar:1.0]
	at scala.concurrent.forkjoin.ForkJoinPool.runWorker(ForkJoinPool.java:1979) [edgarretriever.jar:1.0]
	at scala.concurrent.forkjoin.ForkJoinWorkerThread.run(ForkJoinWorkerThread.java:107) [edgarretriever.jar:1.0]
2016-11-23 22:22:59,387,Restarting downloader again with new ftpclient
2016-11-23 22:22:59,388,Starting downloader again
2016-11-23 22:23:00,145,4 remaining to download.....
2016-11-23 22:23:00,146,Download(edgar/data/1622757/0001622757-16-000014.txt,Actor[akka://Edgar-Filings-Downloader/user/EdgarFileManager#-1075208619]) starts, -- 1 Queue(Actor[akka://Edgar-Filings-Downloader/user/DownloadManager/dl1#-409976303]) download slots left
2016-11-23 22:23:00,475,3 remaining to download.....
2016-11-23 22:23:00,476,Download(edgar/data/1622757/0001622757-16-000015.txt,Actor[akka://Edgar-Filings-Downloader/user/EdgarFileManager#-1075208619]) starts, -- 1 Queue(Actor[akka://Edgar-Filings-Downloader/user/DownloadManager/dl2#-36618539]) download slots left
2016-11-23 22:23:01,907,2 remaining to download.....
2016-11-23 22:23:01,908,Download(edgar/data/1622757/0001622757-16-000013.txt,Actor[akka://Edgar-Filings-Downloader/user/EdgarFileManager#-1075208619]) starts, -- 1 Queue(Actor[akka://Edgar-Filings-Downloader/user/DownloadManager/Replacement#-1240690418]) download slots left
2016-11-23 22:23:02,542,1 remaining to download.....
2016-11-23 22:23:04,078,0 remaining to download.....
2016-11-23 22:23:04,079,sending shutdown
2016-11-23 22:23:04,083,We should send all messages now..
2016-11-23 22:23:04,085,MyEmailSink. calling super empty sink
2016-11-23 22:23:04,086,We hsould send all informations we have collected..
2016-11-23 22:23:04,091,And now displaying mail properties..
2016-11-23 22:23:04,093,{mail.smtp.starttls.enable=true, mail.smtp.user=mmistroni@gmail.com, mail.smtp.port=587, mail.smtp.auth=true, mail.smtp.host=smtp.gmail.com, mail.smtp.password=80t5w4n4;}
2016-11-23 22:23:04,094,Sending Content to:mmistroni@gmail.com,alessandro.mistroni@weirminerals.com
2016-11-23 22:23:04,098,Unexpected msg:Terminated(Actor[akka://Edgar-Filings-Downloader/user/DownloadManager#1579492245])
2016-11-23 22:23:04,152,EMail sender, sending email to:mmistroni@gmail.com,alessandro.mistroni@weirminerals.com
2016-11-23 22:23:04,180,Sending mail to mmistroni@gmail.com:alessandro.mistroni@weirminerals.com
2016-11-23 22:23:04,181,[mmistroni@gmail.com, alessandro.mistroni@weirminerals.com]
2016-11-23 22:23:11,194,Now attempting to store data in S3
2016-11-23 22:23:14,086,Outta here...
